<?xml version="1.0" encoding="UTF-8"?>
<!-- Generated by org.testng.reporters.JUnitReportReporter -->
<testsuite hostname="DESKTOP-P045U68" failures="0" tests="1" name="com.project.NHSBSA.TestRunner" time="14.426" errors="0" timestamp="25 Sep 2020 00:50:55 GMT" skipped="0">
  <testcase classname="com.project.NHSBSA.TestRunner" name="feature" time="14.426"/>
</testsuite> <!-- com.project.NHSBSA.TestRunner -->
