<?xml version="1.0" encoding="UTF-8"?>
<!-- Generated by org.testng.reporters.JUnitReportReporter -->
<testsuite hostname="DESKTOP-P045U68" failures="0" tests="1" name="com.project.NHSBSA.TestRunner" time="18.653" errors="0" timestamp="27 Oct 2020 10:05:36 GMT" skipped="0">
  <testcase classname="com.project.NHSBSA.TestRunner" name="feature" time="18.653"/>
</testsuite> <!-- com.project.NHSBSA.TestRunner -->
